<?xml version="1.0" encoding="UTF-8"?>
<!-- Generated by org.testng.reporters.JUnitXMLReporter -->
<testsuite hostname="Savostytskyi" name="@i.ua" tests="8" failures="1" timestamp="24 May 2015 22:01:41 GMT" time="83.28" errors="0">
  <testcase name="loginToMail" time="8.142" classname="mail.MailYandexTests"/>
  <testcase name="beginCreationOfLetter" time="14.032" classname="mail.MailYandexTests">
    <failure type="org.openqa.selenium.NoSuchElementException" message="Unable to locate element: {&amp;quot;method&amp;quot;:&amp;quot;xpath&amp;quot;,&amp;quot;selector&amp;quot;:&amp;quot;//span[@title=&amp;apos;It is test letter&amp;apos;]&amp;quot;}
Command duration or timeout: 10.17 seconds
For documentation on this error, please visit: http://seleniumhq.org/exceptions/no_such_element.html
Build info: version: &amp;apos;2.45.0&amp;apos;, revision: &amp;apos;5017cb8e7ca8e37638dc3091b2440b90a1d8686f&amp;apos;, time: &amp;apos;2015-02-27 09:10:26&amp;apos;
System info: host: &amp;apos;Savostytskyi&amp;apos;, ip: &amp;apos;192.168.0.57&amp;apos;, os.name: &amp;apos;Windows 7&amp;apos;, os.arch: &amp;apos;amd64&amp;apos;, os.version: &amp;apos;6.1&amp;apos;, java.version: &amp;apos;1.8.0_40&amp;apos;
Driver info: org.openqa.selenium.firefox.FirefoxDriver
Capabilities [{applicationCacheEnabled=true, rotatable=false, handlesAlerts=true, databaseEnabled=true, version=38.0.1, platform=WINDOWS, nativeEvents=false, acceptSslCerts=true, webStorageEnabled=true, locationContextEnabled=true, browserName=firefox, takesScreenshot=true, javascriptEnabled=true, cssSelectorsEnabled=true}]
Session ID: f3826d11-f483-424c-a734-eeff5def33a0
*** Element info: {Using=xpath, value=//span[@title=&amp;apos;It is test letter&amp;apos;]}">
      <![CDATA[org.openqa.selenium.NoSuchElementException: Unable to locate element: {"method":"xpath","selector":"//span[@title='It is test letter']"}
Command duration or timeout: 10.17 seconds
For documentation on this error, please visit: http://seleniumhq.org/exceptions/no_such_element.html
Build info: version: '2.45.0', revision: '5017cb8e7ca8e37638dc3091b2440b90a1d8686f', time: '2015-02-27 09:10:26'
System info: host: 'Savostytskyi', ip: '192.168.0.57', os.name: 'Windows 7', os.arch: 'amd64', os.version: '6.1', java.version: '1.8.0_40'
Driver info: org.openqa.selenium.firefox.FirefoxDriver
Capabilities [{applicationCacheEnabled=true, rotatable=false, handlesAlerts=true, databaseEnabled=true, version=38.0.1, platform=WINDOWS, nativeEvents=false, acceptSslCerts=true, webStorageEnabled=true, locationContextEnabled=true, browserName=firefox, takesScreenshot=true, javascriptEnabled=true, cssSelectorsEnabled=true}]
Session ID: f3826d11-f483-424c-a734-eeff5def33a0
*** Element info: {Using=xpath, value=//span[@title='It is test letter']}
	at org.openqa.selenium.remote.ErrorHandler.createThrowable(ErrorHandler.java:204)
	at org.openqa.selenium.remote.ErrorHandler.throwIfResponseFailed(ErrorHandler.java:156)
	at org.openqa.selenium.remote.RemoteWebDriver.execute(RemoteWebDriver.java:599)
	at org.openqa.selenium.remote.RemoteWebDriver.findElement(RemoteWebDriver.java:352)
	at org.openqa.selenium.remote.RemoteWebDriver.findElementByXPath(RemoteWebDriver.java:449)
	at org.openqa.selenium.By$ByXPath.findElement(By.java:357)
	at org.openqa.selenium.remote.RemoteWebDriver.findElement(RemoteWebDriver.java:344)
	at mail.MailYandexTests.beginCreationOfLetter(MailYandexTests.java:50)
Caused by: org.openqa.selenium.NoSuchElementException: Unable to locate element: {"method":"xpath","selector":"//span[@title='It is test letter']"}
For documentation on this error, please visit: http://seleniumhq.org/exceptions/no_such_element.html
Build info: version: '2.45.0', revision: '5017cb8e7ca8e37638dc3091b2440b90a1d8686f', time: '2015-02-27 09:10:26'
System info: host: 'Savostytskyi', ip: '192.168.0.57', os.name: 'Windows 7', os.arch: 'amd64', os.version: '6.1', java.version: '1.8.0_40'
Driver info: driver.version: unknown
	at <anonymous class>.FirefoxDriver.prototype.findElementInternal_(file:///C:/Users/SAVOST~1/AppData/Local/Temp/anonymous562617190117290002webdriver-profile/extensions/fxdriver@googlecode.com/components/driver-component.js:10271)
	at <anonymous class>.fxdriver.Timer.prototype.setTimeout/<.notify(file:///C:/Users/SAVOST~1/AppData/Local/Temp/anonymous562617190117290002webdriver-profile/extensions/fxdriver@googlecode.com/components/driver-component.js:603)
... Removed 28 stack frames]]>
    </failure>
  </testcase> <!-- beginCreationOfLetter -->
  <testcase name="checkTheLetter" time="0.0" classname="mail.MailYandexTests">
    <skipped/>
  </testcase> <!-- checkTheLetter -->
  <testcase name="sendTheLetter" time="0.0" classname="mail.MailYandexTests">
    <skipped/>
  </testcase> <!-- sendTheLetter -->
  <testcase name="loginToMail" time="4.725" classname="mail.MailIUATests"/>
  <testcase name="beginCreationOfLetter" time="5.751" classname="mail.MailIUATests"/>
  <testcase name="checkTheLetter" time="1.674" classname="mail.MailIUATests"/>
  <testcase name="sendTheLetter" time="15.603" classname="mail.MailIUATests"/>
</testsuite> <!-- @i.ua -->
