<?xml version="1.0" encoding="UTF-8"?>
<testng-results skipped="0" failed="1" total="12" passed="11">
  <reporter-output>
  </reporter-output>
  <suite name="MailSuite" duration-ms="100963" started-at="2015-05-26T12:05:19Z" finished-at="2015-05-26T12:07:00Z">
    <groups>
    </groups>
    <test name="mails" duration-ms="100963" started-at="2015-05-26T12:05:19Z" finished-at="2015-05-26T12:07:00Z">
      <class name="mail.MailIUATests">
        <test-method status="PASS" signature="beforeClass()[pri:0, instance:mail.MailIUATests@6e8dacdf]" name="beforeClass" is-config="true" duration-ms="7003" started-at="2015-05-26T15:05:19Z" finished-at="2015-05-26T15:05:26Z">
          <reporter-output>
          </reporter-output>
        </test-method> <!-- beforeClass -->
        <test-method status="PASS" signature="loginToMail()[pri:0, instance:mail.MailIUATests@6e8dacdf]" name="loginToMail" duration-ms="4076" started-at="2015-05-26T15:05:26Z" description="Login to mail" finished-at="2015-05-26T15:05:30Z">
          <reporter-output>
          </reporter-output>
        </test-method> <!-- loginToMail -->
        <test-method status="PASS" signature="beginCreationOfLetter()[pri:0, instance:mail.MailIUATests@6e8dacdf]" name="beginCreationOfLetter" duration-ms="5205" started-at="2015-05-26T15:05:30Z" description="Begin new letter creation" depends-on-methods="mail.MailIUATests.loginToMail" finished-at="2015-05-26T15:05:35Z">
          <reporter-output>
          </reporter-output>
        </test-method> <!-- beginCreationOfLetter -->
        <test-method status="PASS" signature="checkTheLetter()[pri:0, instance:mail.MailIUATests@6e8dacdf]" name="checkTheLetter" duration-ms="1501" started-at="2015-05-26T15:05:35Z" description="Checking the contains of letter" depends-on-methods="mail.MailIUATests.beginCreationOfLetter" finished-at="2015-05-26T15:05:36Z">
          <reporter-output>
          </reporter-output>
        </test-method> <!-- checkTheLetter -->
        <test-method status="PASS" signature="sendTheLetter()[pri:0, instance:mail.MailIUATests@6e8dacdf]" name="sendTheLetter" duration-ms="15578" started-at="2015-05-26T15:05:36Z" description="Send the letter" depends-on-methods="mail.MailIUATests.checkTheLetter" finished-at="2015-05-26T15:05:52Z">
          <reporter-output>
          </reporter-output>
        </test-method> <!-- sendTheLetter -->
        <test-method status="PASS" signature="afterClass()[pri:0, instance:mail.MailIUATests@6e8dacdf]" name="afterClass" is-config="true" duration-ms="5671" started-at="2015-05-26T15:05:52Z" finished-at="2015-05-26T15:05:58Z">
          <reporter-output>
          </reporter-output>
        </test-method> <!-- afterClass -->
      </class> <!-- mail.MailIUATests -->
      <class name="mail.MailYandexTests">
        <test-method status="PASS" signature="beforeClass()[pri:0, instance:mail.MailYandexTests@7a79be86]" name="beforeClass" is-config="true" duration-ms="4588" started-at="2015-05-26T15:05:58Z" finished-at="2015-05-26T15:06:02Z">
          <reporter-output>
          </reporter-output>
        </test-method> <!-- beforeClass -->
        <test-method status="PASS" signature="loginToMail()[pri:0, instance:mail.MailYandexTests@7a79be86]" name="loginToMail" duration-ms="4996" started-at="2015-05-26T15:06:02Z" description="Login to mail" finished-at="2015-05-26T15:06:07Z">
          <reporter-output>
          </reporter-output>
        </test-method> <!-- loginToMail -->
        <test-method status="PASS" signature="beginCreationOfLetter()[pri:0, instance:mail.MailYandexTests@7a79be86]" name="beginCreationOfLetter" duration-ms="6735" started-at="2015-05-26T15:06:07Z" description="Begin new letter creation" depends-on-methods="mail.MailYandexTests.loginToMail" finished-at="2015-05-26T15:06:14Z">
          <reporter-output>
          </reporter-output>
        </test-method> <!-- beginCreationOfLetter -->
        <test-method status="PASS" signature="checkTheLetter()[pri:0, instance:mail.MailYandexTests@7a79be86]" name="checkTheLetter" duration-ms="907" started-at="2015-05-26T15:06:14Z" description="Checking the contains of letter" depends-on-methods="mail.MailYandexTests.beginCreationOfLetter" finished-at="2015-05-26T15:06:15Z">
          <reporter-output>
          </reporter-output>
        </test-method> <!-- checkTheLetter -->
        <test-method status="PASS" signature="sendTheLetter()[pri:0, instance:mail.MailYandexTests@7a79be86]" name="sendTheLetter" duration-ms="3435" started-at="2015-05-26T15:06:15Z" description="Send the letter" depends-on-methods="mail.MailYandexTests.checkTheLetter" finished-at="2015-05-26T15:06:18Z">
          <reporter-output>
          </reporter-output>
        </test-method> <!-- sendTheLetter -->
        <test-method status="PASS" signature="afterClass()[pri:0, instance:mail.MailYandexTests@7a79be86]" name="afterClass" is-config="true" duration-ms="4419" started-at="2015-05-26T15:06:18Z" finished-at="2015-05-26T15:06:23Z">
          <reporter-output>
          </reporter-output>
        </test-method> <!-- afterClass -->
      </class> <!-- mail.MailYandexTests -->
      <class name="mail.MailGmailTests">
        <test-method status="PASS" signature="beforeClass()[pri:0, instance:mail.MailGmailTests@7c75222b]" name="beforeClass" is-config="true" duration-ms="4916" started-at="2015-05-26T15:06:23Z" finished-at="2015-05-26T15:06:28Z">
          <reporter-output>
          </reporter-output>
        </test-method> <!-- beforeClass -->
        <test-method status="PASS" signature="loginToMail()[pri:0, instance:mail.MailGmailTests@7c75222b]" name="loginToMail" duration-ms="7285" started-at="2015-05-26T15:06:28Z" description="Login to mail" finished-at="2015-05-26T15:06:35Z">
          <reporter-output>
          </reporter-output>
        </test-method> <!-- loginToMail -->
        <test-method status="PASS" signature="beginCreationOfLetter()[pri:0, instance:mail.MailGmailTests@7c75222b]" name="beginCreationOfLetter" duration-ms="6946" started-at="2015-05-26T15:06:35Z" description="Begin new letter creation" depends-on-methods="mail.MailGmailTests.loginToMail" finished-at="2015-05-26T15:06:42Z">
          <reporter-output>
          </reporter-output>
        </test-method> <!-- beginCreationOfLetter -->
        <test-method status="PASS" signature="checkTheLetter()[pri:0, instance:mail.MailGmailTests@7c75222b]" name="checkTheLetter" duration-ms="2302" started-at="2015-05-26T15:06:42Z" description="Checking the contains of letter" depends-on-methods="mail.MailGmailTests.beginCreationOfLetter" finished-at="2015-05-26T15:06:44Z">
          <reporter-output>
          </reporter-output>
        </test-method> <!-- checkTheLetter -->
        <test-method status="FAIL" signature="sendTheLetter()[pri:0, instance:mail.MailGmailTests@7c75222b]" name="sendTheLetter" duration-ms="11592" started-at="2015-05-26T15:06:44Z" description="Send the letter" depends-on-methods="mail.MailGmailTests.checkTheLetter" finished-at="2015-05-26T15:06:56Z">
          <exception class="org.openqa.selenium.StaleElementReferenceException">
            <message>
              <![CDATA[Element not found in the cache - perhaps the page has changed since it was looked up
Command duration or timeout: 10.13 seconds
For documentation on this error, please visit: http://seleniumhq.org/exceptions/stale_element_reference.html
Build info: version: '2.45.0', revision: '5017cb8e7ca8e37638dc3091b2440b90a1d8686f', time: '2015-02-27 09:10:26'
System info: host: 'EPUAKHAW0236', ip: '169.254.194.120', os.name: 'Windows 7', os.arch: 'amd64', os.version: '6.1', java.version: '1.8.0_40'
Driver info: org.openqa.selenium.firefox.FirefoxDriver
Capabilities [{applicationCacheEnabled=true, rotatable=false, handlesAlerts=true, databaseEnabled=true, version=38.0.1, platform=WINDOWS, nativeEvents=false, acceptSslCerts=true, webStorageEnabled=true, locationContextEnabled=true, browserName=firefox, takesScreenshot=true, javascriptEnabled=true, cssSelectorsEnabled=true}]
Session ID: ad3dd13c-6d1c-49d0-966a-e22fb98d4d3a]]>
            </message>
            <full-stacktrace>
              <![CDATA[org.openqa.selenium.StaleElementReferenceException: Element not found in the cache - perhaps the page has changed since it was looked up
Command duration or timeout: 10.13 seconds
For documentation on this error, please visit: http://seleniumhq.org/exceptions/stale_element_reference.html
Build info: version: '2.45.0', revision: '5017cb8e7ca8e37638dc3091b2440b90a1d8686f', time: '2015-02-27 09:10:26'
System info: host: 'EPUAKHAW0236', ip: '169.254.194.120', os.name: 'Windows 7', os.arch: 'amd64', os.version: '6.1', java.version: '1.8.0_40'
Driver info: org.openqa.selenium.firefox.FirefoxDriver
Capabilities [{applicationCacheEnabled=true, rotatable=false, handlesAlerts=true, databaseEnabled=true, version=38.0.1, platform=WINDOWS, nativeEvents=false, acceptSslCerts=true, webStorageEnabled=true, locationContextEnabled=true, browserName=firefox, takesScreenshot=true, javascriptEnabled=true, cssSelectorsEnabled=true}]
Session ID: ad3dd13c-6d1c-49d0-966a-e22fb98d4d3a
	at sun.reflect.NativeConstructorAccessorImpl.newInstance0(Native Method)
	at sun.reflect.NativeConstructorAccessorImpl.newInstance(NativeConstructorAccessorImpl.java:62)
	at sun.reflect.DelegatingConstructorAccessorImpl.newInstance(DelegatingConstructorAccessorImpl.java:45)
	at java.lang.reflect.Constructor.newInstance(Constructor.java:422)
	at org.openqa.selenium.remote.ErrorHandler.createThrowable(ErrorHandler.java:204)
	at org.openqa.selenium.remote.ErrorHandler.throwIfResponseFailed(ErrorHandler.java:156)
	at org.openqa.selenium.remote.RemoteWebDriver.execute(RemoteWebDriver.java:599)
	at org.openqa.selenium.remote.RemoteWebElement.execute(RemoteWebElement.java:268)
	at org.openqa.selenium.remote.RemoteWebElement.click(RemoteWebElement.java:79)
	at sun.reflect.GeneratedMethodAccessor5.invoke(Unknown Source)
	at sun.reflect.DelegatingMethodAccessorImpl.invoke(DelegatingMethodAccessorImpl.java:43)
	at java.lang.reflect.Method.invoke(Method.java:497)
	at org.openqa.selenium.support.pagefactory.internal.LocatingElementHandler.invoke(LocatingElementHandler.java:50)
	at com.sun.proxy.$Proxy6.click(Unknown Source)
	at mail.pages.gmail.SentLettersGmailPage.goToGrft(SentLettersGmailPage.java:23)
	at mail.MailGmailTests.sendTheLetter(MailGmailTests.java:77)
	at sun.reflect.NativeMethodAccessorImpl.invoke0(Native Method)
	at sun.reflect.NativeMethodAccessorImpl.invoke(NativeMethodAccessorImpl.java:62)
	at sun.reflect.DelegatingMethodAccessorImpl.invoke(DelegatingMethodAccessorImpl.java:43)
	at java.lang.reflect.Method.invoke(Method.java:497)
	at org.testng.internal.MethodInvocationHelper.invokeMethod(MethodInvocationHelper.java:85)
	at org.testng.internal.Invoker.invokeMethod(Invoker.java:659)
	at org.testng.internal.Invoker.invokeTestMethod(Invoker.java:845)
	at org.testng.internal.Invoker.invokeTestMethods(Invoker.java:1153)
	at org.testng.internal.TestMethodWorker.invokeTestMethods(TestMethodWorker.java:125)
	at org.testng.internal.TestMethodWorker.run(TestMethodWorker.java:108)
	at org.testng.TestRunner.privateRun(TestRunner.java:771)
	at org.testng.TestRunner.run(TestRunner.java:621)
	at org.testng.SuiteRunner.runTest(SuiteRunner.java:357)
	at org.testng.SuiteRunner.runSequentially(SuiteRunner.java:352)
	at org.testng.SuiteRunner.privateRun(SuiteRunner.java:310)
	at org.testng.SuiteRunner.run(SuiteRunner.java:259)
	at org.testng.SuiteRunnerWorker.runSuite(SuiteRunnerWorker.java:52)
	at org.testng.SuiteRunnerWorker.run(SuiteRunnerWorker.java:86)
	at org.testng.TestNG.runSuitesSequentially(TestNG.java:1199)
	at org.testng.TestNG.runSuitesLocally(TestNG.java:1124)
	at org.testng.TestNG.run(TestNG.java:1032)
	at org.testng.remote.RemoteTestNG.run(RemoteTestNG.java:111)
	at org.testng.remote.RemoteTestNG.initAndRun(RemoteTestNG.java:204)
	at org.testng.remote.RemoteTestNG.main(RemoteTestNG.java:175)
Caused by: org.openqa.selenium.StaleElementReferenceException: Element not found in the cache - perhaps the page has changed since it was looked up
For documentation on this error, please visit: http://seleniumhq.org/exceptions/stale_element_reference.html
Build info: version: '2.45.0', revision: '5017cb8e7ca8e37638dc3091b2440b90a1d8686f', time: '2015-02-27 09:10:26'
System info: host: 'EPUAKHAW0236', ip: '169.254.194.120', os.name: 'Windows 7', os.arch: 'amd64', os.version: '6.1', java.version: '1.8.0_40'
Driver info: driver.version: unknown
	at <anonymous class>.fxdriver.cache.getElementAt(resource://fxdriver/modules/web-element-cache.js:8953)
	at <anonymous class>.Utils.getElementAt(file:///C:/Users/Anton_Savostytskyi/AppData/Local/Temp/anonymous4671447140827005342webdriver-profile/extensions/fxdriver@googlecode.com/components/command-processor.js:8546)
	at <anonymous class>.fxdriver.preconditions.visible(file:///C:/Users/Anton_Savostytskyi/AppData/Local/Temp/anonymous4671447140827005342webdriver-profile/extensions/fxdriver@googlecode.com/components/command-processor.js:9585)
	at <anonymous class>.DelayedCommand.prototype.checkPreconditions_(file:///C:/Users/Anton_Savostytskyi/AppData/Local/Temp/anonymous4671447140827005342webdriver-profile/extensions/fxdriver@googlecode.com/components/command-processor.js:12257)
	at <anonymous class>.DelayedCommand.prototype.executeInternal_/h(file:///C:/Users/Anton_Savostytskyi/AppData/Local/Temp/anonymous4671447140827005342webdriver-profile/extensions/fxdriver@googlecode.com/components/command-processor.js:12274)
	at <anonymous class>.fxdriver.Timer.prototype.setTimeout/<.notify(file:///C:/Users/Anton_Savostytskyi/AppData/Local/Temp/anonymous4671447140827005342webdriver-profile/extensions/fxdriver@googlecode.com/components/command-processor.js:603)
]]>
            </full-stacktrace>
          </exception> <!-- org.openqa.selenium.StaleElementReferenceException -->
          <reporter-output>
          </reporter-output>
        </test-method> <!-- sendTheLetter -->
        <test-method status="PASS" signature="afterClass()[pri:0, instance:mail.MailGmailTests@7c75222b]" name="afterClass" is-config="true" duration-ms="3770" started-at="2015-05-26T15:06:56Z" finished-at="2015-05-26T15:07:00Z">
          <reporter-output>
          </reporter-output>
        </test-method> <!-- afterClass -->
      </class> <!-- mail.MailGmailTests -->
    </test> <!-- mails -->
  </suite> <!-- MailSuite -->
</testng-results>
